[2026-02-15 07:56:55] local.ERROR: Please provide a valid cache path. {"exception":"[object] (InvalidArgumentException(code: 0): Please provide a valid cache path. at /home/runner/work/apmoerp/apmoerp/vendor/laravel/framework/src/Illuminate/View/Compilers/Compiler.php:75)
[stacktrace]
#0 /home/runner/work/apmoerp/apmoerp/vendor/laravel/framework/src/Illuminate/View/ViewServiceProvider.php(97): Illuminate\\View\\Compilers\\Compiler->__construct()
#1 /home/runner/work/apmoerp/apmoerp/vendor/laravel/framework/src/Illuminate/Container/Container.php(1115): Illuminate\\View\\ViewServiceProvider->Illuminate\\View\\{closure}()
#2 /home/runner/work/apmoerp/apmoerp/vendor/laravel/framework/src/Illuminate/Container/Container.php(933): Illuminate\\Container\\Container->build()
#3 /home/runner/work/apmoerp/apmoerp/vendor/laravel/framework/src/Illuminate/Foundation/Application.php(1078): Illuminate\\Container\\Container->resolve()
#4 /home/runner/work/apmoerp/apmoerp/vendor/laravel/framework/src/Illuminate/Container/Container.php(864): Illuminate\\Foundation\\Application->resolve()
#5 /home/runner/work/apmoerp/apmoerp/vendor/laravel/framework/src/Illuminate/Foundation/Application.php(1058): Illuminate\\Container\\Container->make()
#6 /home/runner/work/apmoerp/apmoerp/vendor/laravel/framework/src/Illuminate/Foundation/helpers.php(138): Illuminate\\Foundation\\Application->make()
#7 /home/runner/work/apmoerp/apmoerp/vendor/livewire/livewire/src/LivewireServiceProvider.php(133): app()
#8 /home/runner/work/apmoerp/apmoerp/vendor/livewire/livewire/src/LivewireServiceProvider.php(23): Livewire\\LivewireServiceProvider->bootConfig()
#9 /home/runner/work/apmoerp/apmoerp/vendor/laravel/framework/src/Illuminate/Container/BoundMethod.php(36): Livewire\\LivewireServiceProvider->boot()
#10 /home/runner/work/apmoerp/apmoerp/vendor/laravel/framework/src/Illuminate/Container/Util.php(43): Illuminate\\Container\\BoundMethod::Illuminate\\Container\\{closure}()
#11 /home/runner/work/apmoerp/apmoerp/vendor/laravel/framework/src/Illuminate/Container/BoundMethod.php(96): Illuminate\\Container\\Util::unwrapIfClosure()
#12 /home/runner/work/apmoerp/apmoerp/vendor/laravel/framework/src/Illuminate/Container/BoundMethod.php(35): Illuminate\\Container\\BoundMethod::callBoundMethod()
#13 /home/runner/work/apmoerp/apmoerp/vendor/laravel/framework/src/Illuminate/Container/Container.php(799): Illuminate\\Container\\BoundMethod::call()
#14 /home/runner/work/apmoerp/apmoerp/vendor/laravel/framework/src/Illuminate/Foundation/Application.php(1151): Illuminate\\Container\\Container->call()
#15 /home/runner/work/apmoerp/apmoerp/vendor/laravel/framework/src/Illuminate/Foundation/Application.php(1132): Illuminate\\Foundation\\Application->bootProvider()
#16 [internal function]: Illuminate\\Foundation\\Application->Illuminate\\Foundation\\{closure}()
#17 /home/runner/work/apmoerp/apmoerp/vendor/laravel/framework/src/Illuminate/Foundation/Application.php(1131): array_walk()
#18 /home/runner/work/apmoerp/apmoerp/vendor/laravel/framework/src/Illuminate/Foundation/Bootstrap/BootProviders.php(17): Illuminate\\Foundation\\Application->boot()
#19 /home/runner/work/apmoerp/apmoerp/vendor/laravel/framework/src/Illuminate/Foundation/Application.php(342): Illuminate\\Foundation\\Bootstrap\\BootProviders->bootstrap()
#20 /home/runner/work/apmoerp/apmoerp/vendor/laravel/framework/src/Illuminate/Foundation/Console/Kernel.php(494): Illuminate\\Foundation\\Application->bootstrapWith()
#21 /home/runner/work/apmoerp/apmoerp/vendor/laravel/framework/src/Illuminate/Foundation/Console/Kernel.php(196): Illuminate\\Foundation\\Console\\Kernel->bootstrap()
#22 /home/runner/work/apmoerp/apmoerp/vendor/laravel/framework/src/Illuminate/Foundation/Application.php(1235): Illuminate\\Foundation\\Console\\Kernel->handle()
#23 /home/runner/work/apmoerp/apmoerp/artisan(16): Illuminate\\Foundation\\Application->handleCommand()
#24 {main}
"} 
[2026-02-15 07:59:45] local.ERROR: Vite manifest not found at: /home/runner/work/apmoerp/apmoerp/public/build/manifest.json (View: /home/runner/work/apmoerp/apmoerp/resources/views/layouts/app.blade.php) (View: /home/runner/work/apmoerp/apmoerp/resources/views/layouts/app.blade.php) {"userId":1,"exception":"[object] (Illuminate\\View\\ViewException(code: 0): Vite manifest not found at: /home/runner/work/apmoerp/apmoerp/public/build/manifest.json (View: /home/runner/work/apmoerp/apmoerp/resources/views/layouts/app.blade.php) (View: /home/runner/work/apmoerp/apmoerp/resources/views/layouts/app.blade.php) at /home/runner/work/apmoerp/apmoerp/vendor/laravel/framework/src/Illuminate/Foundation/Vite.php:946)
[stacktrace]
#0 /home/runner/work/apmoerp/apmoerp/vendor/livewire/livewire/src/Mechanisms/ExtendBlade/ExtendedCompilerEngine.php(58): Illuminate\\View\\Engines\\CompilerEngine->handleViewException()
#1 /home/runner/work/apmoerp/apmoerp/vendor/laravel/framework/src/Illuminate/View/Engines/PhpEngine.php(59): Livewire\\Mechanisms\\ExtendBlade\\ExtendedCompilerEngine->handleViewException()
#2 /home/runner/work/apmoerp/apmoerp/vendor/livewire/livewire/src/Mechanisms/ExtendBlade/ExtendedCompilerEngine.php(22): Illuminate\\View\\Engines\\PhpEngine->evaluatePath()
#3 /home/runner/work/apmoerp/apmoerp/vendor/laravel/framework/src/Illuminate/View/Engines/CompilerEngine.php(76): Livewire\\Mechanisms\\ExtendBlade\\ExtendedCompilerEngine->evaluatePath()
#4 /home/runner/work/apmoerp/apmoerp/vendor/livewire/livewire/src/Mechanisms/ExtendBlade/ExtendedCompilerEngine.php(10): Illuminate\\View\\Engines\\CompilerEngine->get()
#5 /home/runner/work/apmoerp/apmoerp/vendor/laravel/framework/src/Illuminate/View/View.php(208): Livewire\\Mechanisms\\ExtendBlade\\ExtendedCompilerEngine->get()
#6 /home/runner/work/apmoerp/apmoerp/vendor/laravel/framework/src/Illuminate/View/View.php(191): Illuminate\\View\\View->getContents()
#7 /home/runner/work/apmoerp/apmoerp/vendor/laravel/framework/src/Illuminate/View/View.php(160): Illuminate\\View\\View->renderContents()
#8 /home/runner/work/apmoerp/apmoerp/vendor/laravel/framework/src/Illuminate/View/Compilers/BladeCompiler.php(353): Illuminate\\View\\View->render()
#9 /home/runner/work/apmoerp/apmoerp/vendor/laravel/framework/src/Illuminate/Support/Facades/Facade.php(363): Illuminate\\View\\Compilers\\BladeCompiler::render()
#10 /home/runner/work/apmoerp/apmoerp/vendor/livewire/livewire/src/Features/SupportPageComponents/SupportPageComponents.php(154): Illuminate\\Support\\Facades\\Facade::__callStatic()
#11 /home/runner/work/apmoerp/apmoerp/vendor/livewire/livewire/src/Features/SupportPageComponents/HandlesPageComponents.php(26): Livewire\\Features\\SupportPageComponents\\SupportPageComponents::renderContentsIntoLayout()
#12 /home/runner/work/apmoerp/apmoerp/vendor/laravel/framework/src/Illuminate/Routing/ControllerDispatcher.php(46): Livewire\\Component->__invoke()
#13 /home/runner/work/apmoerp/apmoerp/vendor/laravel/framework/src/Illuminate/Routing/Route.php(265): Illuminate\\Routing\\ControllerDispatcher->dispatch()
#14 /home/runner/work/apmoerp/apmoerp/vendor/laravel/framework/src/Illuminate/Routing/Route.php(211): Illuminate\\Routing\\Route->runController()
#15 /home/runner/work/apmoerp/apmoerp/vendor/laravel/framework/src/Illuminate/Routing/Router.php(822): Illuminate\\Routing\\Route->run()
#16 /home/runner/work/apmoerp/apmoerp/vendor/laravel/framework/src/Illuminate/Pipeline/Pipeline.php(180): Illuminate\\Routing\\Router->Illuminate\\Routing\\{closure}()
#17 /home/runner/work/apmoerp/apmoerp/vendor/laravel/framework/src/Illuminate/Auth/Middleware/Authorize.php(59): Illuminate\\Pipeline\\Pipeline->Illuminate\\Pipeline\\{closure}()
#18 /home/runner/work/apmoerp/apmoerp/vendor/laravel/framework/src/Illuminate/Pipeline/Pipeline.php(219): Illuminate\\Auth\\Middleware\\Authorize->handle()
#19 /home/runner/work/apmoerp/apmoerp/app/Http/Middleware/ClearBranchContext.php(25): Illuminate\\Pipeline\\Pipeline->Illuminate\\Pipeline\\{closure}()
#20 /home/runner/work/apmoerp/apmoerp/vendor/laravel/framework/src/Illuminate/Pipeline/Pipeline.php(219): App\\Http\\Middleware\\ClearBranchContext->handle()
#21 /home/runner/work/apmoerp/apmoerp/app/Http/Middleware/SetUserBranchContext.php(56): Illuminate\\Pipeline\\Pipeline->Illuminate\\Pipeline\\{closure}()
#22 /home/runner/work/apmoerp/apmoerp/vendor/laravel/framework/src/Illuminate/Pipeline/Pipeline.php(219): App\\Http\\Middleware\\SetUserBranchContext->handle()
#23 /home/runner/work/apmoerp/apmoerp/app/Http/Middleware/ModuleContext.php(92): Illuminate\\Pipeline\\Pipeline->Illuminate\\Pipeline\\{closure}()
#24 /home/runner/work/apmoerp/apmoerp/vendor/laravel/framework/src/Illuminate/Pipeline/Pipeline.php(219): App\\Http\\Middleware\\ModuleContext->handle()
#25 /home/runner/work/apmoerp/apmoerp/app/Http/Middleware/AutoLogout.php(39): Illuminate\\Pipeline\\Pipeline->Illuminate\\Pipeline\\{closure}()
#26 /home/runner/work/apmoerp/apmoerp/vendor/laravel/framework/src/Illuminate/Pipeline/Pipeline.php(219): App\\Http\\Middleware\\AutoLogout->handle()
#27 /home/runner/work/apmoerp/apmoerp/app/Http/Middleware/SetLocale.php(23): Illuminate\\Pipeline\\Pipeline->Illuminate\\Pipeline\\{closure}()
#28 /home/runner/work/apmoerp/apmoerp/vendor/laravel/framework/src/Illuminate/Pipeline/Pipeline.php(219): App\\Http\\Middleware\\SetLocale->handle()
#29 /home/runner/work/apmoerp/apmoerp/app/Http/Middleware/SecurityHeaders.php(32): Illuminate\\Pipeline\\Pipeline->Illuminate\\Pipeline\\{closure}()
#30 /home/runner/work/apmoerp/apmoerp/vendor/laravel/framework/src/Illuminate/Pipeline/Pipeline.php(219): App\\Http\\Middleware\\SecurityHeaders->handle()
#31 /home/runner/work/apmoerp/apmoerp/vendor/laravel/framework/src/Illuminate/Routing/Middleware/SubstituteBindings.php(50): Illuminate\\Pipeline\\Pipeline->Illuminate\\Pipeline\\{closure}()
#32 /home/runner/work/apmoerp/apmoerp/vendor/laravel/framework/src/Illuminate/Pipeline/Pipeline.php(219): Illuminate\\Routing\\Middleware\\SubstituteBindings->handle()
#33 /home/runner/work/apmoerp/apmoerp/vendor/laravel/framework/src/Illuminate/Auth/Middleware/Authenticate.php(63): Illuminate\\Pipeline\\Pipeline->Illuminate\\Pipeline\\{closure}()
#34 /home/runner/work/apmoerp/apmoerp/vendor/laravel/framework/src/Illuminate/Pipeline/Pipeline.php(219): Illuminate\\Auth\\Middleware\\Authenticate->handle()
#35 /home/runner/work/apmoerp/apmoerp/vendor/laravel/framework/src/Illuminate/Foundation/Http/Middleware/VerifyCsrfToken.php(87): Illuminate\\Pipeline\\Pipeline->Illuminate\\Pipeline\\{closure}()
#36 /home/runner/work/apmoerp/apmoerp/vendor/laravel/framework/src/Illuminate/Pipeline/Pipeline.php(219): Illuminate\\Foundation\\Http\\Middleware\\VerifyCsrfToken->handle()
#37 /home/runner/work/apmoerp/apmoerp/vendor/laravel/framework/src/Illuminate/View/Middleware/ShareErrorsFromSession.php(48): Illuminate\\Pipeline\\Pipeline->Illuminate\\Pipeline\\{closure}()
#38 /home/runner/work/apmoerp/apmoerp/vendor/laravel/framework/src/Illuminate/Pipeline/Pipeline.php(219): Illuminate\\View\\Middleware\\ShareErrorsFromSession->handle()
#39 /home/runner/work/apmoerp/apmoerp/vendor/laravel/framework/src/Illuminate/Session/Middleware/StartSession.php(120): Illuminate\\Pipeline\\Pipeline->Illuminate\\Pipeline\\{closure}()
#40 /home/runner/work/apmoerp/apmoerp/vendor/laravel/framework/src/Illuminate/Session/Middleware/StartSession.php(63): Illuminate\\Session\\Middleware\\StartSession->handleStatefulRequest()
#41 /home/runner/work/apmoerp/apmoerp/vendor/laravel/framework/src/Illuminate/Pipeline/Pipeline.php(219): Illuminate\\Session\\Middleware\\StartSession->handle()
#42 /home/runner/work/apmoerp/apmoerp/vendor/laravel/framework/src/Illuminate/Cookie/Middleware/AddQueuedCookiesToResponse.php(36): Illuminate\\Pipeline\\Pipeline->Illuminate\\Pipeline\\{closure}()
#43 /home/runner/work/apmoerp/apmoerp/vendor/laravel/framework/src/Illuminate/Pipeline/Pipeline.php(219): Illuminate\\Cookie\\Middleware\\AddQueuedCookiesToResponse->handle()
#44 /home/runner/work/apmoerp/apmoerp/vendor/laravel/framework/src/Illuminate/Cookie/Middleware/EncryptCookies.php(74): Illuminate\\Pipeline\\Pipeline->Illuminate\\Pipeline\\{closure}()
#45 /home/runner/work/apmoerp/apmoerp/vendor/laravel/framework/src/Illuminate/Pipeline/Pipeline.php(219): Illuminate\\Cookie\\Middleware\\EncryptCookies->handle()
#46 /home/runner/work/apmoerp/apmoerp/vendor/laravel/framework/src/Illuminate/Pipeline/Pipeline.php(137): Illuminate\\Pipeline\\Pipeline->Illuminate\\Pipeline\\{closure}()
#47 /home/runner/work/apmoerp/apmoerp/vendor/laravel/framework/src/Illuminate/Routing/Router.php(821): Illuminate\\Pipeline\\Pipeline->then()
#48 /home/runner/work/apmoerp/apmoerp/vendor/laravel/framework/src/Illuminate/Routing/Router.php(800): Illuminate\\Routing\\Router->runRouteWithinStack()
#49 /home/runner/work/apmoerp/apmoerp/vendor/laravel/framework/src/Illuminate/Routing/Router.php(764): Illuminate\\Routing\\Router->runRoute()
#50 /home/runner/work/apmoerp/apmoerp/vendor/laravel/framework/src/Illuminate/Routing/Router.php(753): Illuminate\\Routing\\Router->dispatchToRoute()
#51 /home/runner/work/apmoerp/apmoerp/vendor/laravel/framework/src/Illuminate/Foundation/Http/Kernel.php(200): Illuminate\\Routing\\Router->dispatch()
#52 /home/runner/work/apmoerp/apmoerp/vendor/laravel/framework/src/Illuminate/Pipeline/Pipeline.php(180): Illuminate\\Foundation\\Http\\Kernel->Illuminate\\Foundation\\Http\\{closure}()
#53 /home/runner/work/apmoerp/apmoerp/vendor/livewire/livewire/src/Features/SupportDisablingBackButtonCache/DisableBackButtonCacheMiddleware.php(19): Illuminate\\Pipeline\\Pipeline->Illuminate\\Pipeline\\{closure}()
#54 /home/runner/work/apmoerp/apmoerp/vendor/laravel/framework/src/Illuminate/Pipeline/Pipeline.php(219): Livewire\\Features\\SupportDisablingBackButtonCache\\DisableBackButtonCacheMiddleware->handle()
#55 /home/runner/work/apmoerp/apmoerp/vendor/laravel/framework/src/Illuminate/Foundation/Http/Middleware/TransformsRequest.php(21): Illuminate\\Pipeline\\Pipeline->Illuminate\\Pipeline\\{closure}()
#56 /home/runner/work/apmoerp/apmoerp/vendor/laravel/framework/src/Illuminate/Foundation/Http/Middleware/ConvertEmptyStringsToNull.php(31): Illuminate\\Foundation\\Http\\Middleware\\TransformsRequest->handle()
#57 /home/runner/work/apmoerp/apmoerp/vendor/laravel/framework/src/Illuminate/Pipeline/Pipeline.php(219): Illuminate\\Foundation\\Http\\Middleware\\ConvertEmptyStringsToNull->handle()
#58 /home/runner/work/apmoerp/apmoerp/vendor/laravel/framework/src/Illuminate/Foundation/Http/Middleware/TransformsRequest.php(21): Illuminate\\Pipeline\\Pipeline->Illuminate\\Pipeline\\{closure}()
#59 /home/runner/work/apmoerp/apmoerp/vendor/laravel/framework/src/Illuminate/Foundation/Http/Middleware/TrimStrings.php(51): Illuminate\\Foundation\\Http\\Middleware\\TransformsRequest->handle()
#60 /home/runner/work/apmoerp/apmoerp/vendor/laravel/framework/src/Illuminate/Pipeline/Pipeline.php(219): Illuminate\\Foundation\\Http\\Middleware\\TrimStrings->handle()
#61 /home/runner/work/apmoerp/apmoerp/vendor/laravel/framework/src/Illuminate/Http/Middleware/ValidatePostSize.php(27): Illuminate\\Pipeline\\Pipeline->Illuminate\\Pipeline\\{closure}()
#62 /home/runner/work/apmoerp/apmoerp/vendor/laravel/framework/src/Illuminate/Pipeline/Pipeline.php(219): Illuminate\\Http\\Middleware\\ValidatePostSize->handle()
#63 /home/runner/work/apmoerp/apmoerp/vendor/laravel/framework/src/Illuminate/Foundation/Http/Middleware/PreventRequestsDuringMaintenance.php(109): Illuminate\\Pipeline\\Pipeline->Illuminate\\Pipeline\\{closure}()
#64 /home/runner/work/apmoerp/apmoerp/vendor/laravel/framework/src/Illuminate/Pipeline/Pipeline.php(219): Illuminate\\Foundation\\Http\\Middleware\\PreventRequestsDuringMaintenance->handle()
#65 /home/runner/work/apmoerp/apmoerp/vendor/laravel/framework/src/Illuminate/Http/Middleware/HandleCors.php(61): Illuminate\\Pipeline\\Pipeline->Illuminate\\Pipeline\\{closure}()
#66 /home/runner/work/apmoerp/apmoerp/vendor/laravel/framework/src/Illuminate/Pipeline/Pipeline.php(219): Illuminate\\Http\\Middleware\\HandleCors->handle()
#67 /home/runner/work/apmoerp/apmoerp/vendor/laravel/framework/src/Illuminate/Http/Middleware/TrustProxies.php(58): Illuminate\\Pipeline\\Pipeline->Illuminate\\Pipeline\\{closure}()
#68 /home/runner/work/apmoerp/apmoerp/vendor/laravel/framework/src/Illuminate/Pipeline/Pipeline.php(219): Illuminate\\Http\\Middleware\\TrustProxies->handle()
#69 /home/runner/work/apmoerp/apmoerp/vendor/laravel/framework/src/Illuminate/Foundation/Http/Middleware/InvokeDeferredCallbacks.php(22): Illuminate\\Pipeline\\Pipeline->Illuminate\\Pipeline\\{closure}()
#70 /home/runner/work/apmoerp/apmoerp/vendor/laravel/framework/src/Illuminate/Pipeline/Pipeline.php(219): Illuminate\\Foundation\\Http\\Middleware\\InvokeDeferredCallbacks->handle()
#71 /home/runner/work/apmoerp/apmoerp/vendor/laravel/framework/src/Illuminate/Http/Middleware/ValidatePathEncoding.php(26): Illuminate\\Pipeline\\Pipeline->Illuminate\\Pipeline\\{closure}()
#72 /home/runner/work/apmoerp/apmoerp/vendor/laravel/framework/src/Illuminate/Pipeline/Pipeline.php(219): Illuminate\\Http\\Middleware\\ValidatePathEncoding->handle()
#73 /home/runner/work/apmoerp/apmoerp/vendor/laravel/framework/src/Illuminate/Pipeline/Pipeline.php(137): Illuminate\\Pipeline\\Pipeline->Illuminate\\Pipeline\\{closure}()
#74 /home/runner/work/apmoerp/apmoerp/vendor/laravel/framework/src/Illuminate/Foundation/Http/Kernel.php(175): Illuminate\\Pipeline\\Pipeline->then()
#75 /home/runner/work/apmoerp/apmoerp/vendor/laravel/framework/src/Illuminate/Foundation/Http/Kernel.php(144): Illuminate\\Foundation\\Http\\Kernel->sendRequestThroughRouter()
#76 /home/runner/work/apmoerp/apmoerp/vendor/laravel/framework/src/Illuminate/Foundation/Application.php(1207): Illuminate\\Foundation\\Http\\Kernel->handle()
#77 /home/runner/work/apmoerp/apmoerp/vendor/psy/psysh/src/ExecutionClosure.php(41) : eval()'d code(7): Illuminate\\Foundation\\Application->handle()
#78 /home/runner/work/apmoerp/apmoerp/vendor/psy/psysh/src/ExecutionClosure.php(41): eval()
#79 /home/runner/work/apmoerp/apmoerp/vendor/psy/psysh/src/ExecutionClosure.php(90): Psy\\{closure}()
#80 /home/runner/work/apmoerp/apmoerp/vendor/psy/psysh/src/Shell.php(1653): Psy\\ExecutionClosure->execute()
#81 /home/runner/work/apmoerp/apmoerp/vendor/laravel/tinker/src/Console/TinkerCommand.php(77): Psy\\Shell->execute()
#82 /home/runner/work/apmoerp/apmoerp/vendor/laravel/framework/src/Illuminate/Container/BoundMethod.php(36): Laravel\\Tinker\\Console\\TinkerCommand->handle()
#83 /home/runner/work/apmoerp/apmoerp/vendor/laravel/framework/src/Illuminate/Container/Util.php(43): Illuminate\\Container\\BoundMethod::Illuminate\\Container\\{closure}()
#84 /home/runner/work/apmoerp/apmoerp/vendor/laravel/framework/src/Illuminate/Container/BoundMethod.php(96): Illuminate\\Container\\Util::unwrapIfClosure()
#85 /home/runner/work/apmoerp/apmoerp/vendor/laravel/framework/src/Illuminate/Container/BoundMethod.php(35): Illuminate\\Container\\BoundMethod::callBoundMethod()
#86 /home/runner/work/apmoerp/apmoerp/vendor/laravel/framework/src/Illuminate/Container/Container.php(799): Illuminate\\Container\\BoundMethod::call()
#87 /home/runner/work/apmoerp/apmoerp/vendor/laravel/framework/src/Illuminate/Console/Command.php(211): Illuminate\\Container\\Container->call()
#88 /home/runner/work/apmoerp/apmoerp/vendor/symfony/console/Command/Command.php(341): Illuminate\\Console\\Command->execute()
#89 /home/runner/work/apmoerp/apmoerp/vendor/laravel/framework/src/Illuminate/Console/Command.php(180): Symfony\\Component\\Console\\Command\\Command->run()
#90 /home/runner/work/apmoerp/apmoerp/vendor/symfony/console/Application.php(1102): Illuminate\\Console\\Command->run()
#91 /home/runner/work/apmoerp/apmoerp/vendor/symfony/console/Application.php(356): Symfony\\Component\\Console\\Application->doRunCommand()
#92 /home/runner/work/apmoerp/apmoerp/vendor/symfony/console/Application.php(195): Symfony\\Component\\Console\\Application->doRun()
#93 /home/runner/work/apmoerp/apmoerp/vendor/laravel/framework/src/Illuminate/Foundation/Console/Kernel.php(198): Symfony\\Component\\Console\\Application->run()
#94 /home/runner/work/apmoerp/apmoerp/vendor/laravel/framework/src/Illuminate/Foundation/Application.php(1235): Illuminate\\Foundation\\Console\\Kernel->handle()
#95 /home/runner/work/apmoerp/apmoerp/artisan(16): Illuminate\\Foundation\\Application->handleCommand()
#96 {main}

[previous exception] [object] (Illuminate\\View\\ViewException(code: 0): Vite manifest not found at: /home/runner/work/apmoerp/apmoerp/public/build/manifest.json (View: /home/runner/work/apmoerp/apmoerp/resources/views/layouts/app.blade.php) at /home/runner/work/apmoerp/apmoerp/vendor/laravel/framework/src/Illuminate/Foundation/Vite.php:946)
[stacktrace]
#0 /home/runner/work/apmoerp/apmoerp/vendor/livewire/livewire/src/Mechanisms/ExtendBlade/ExtendedCompilerEngine.php(58): Illuminate\\View\\Engines\\CompilerEngine->handleViewException()
#1 /home/runner/work/apmoerp/apmoerp/vendor/laravel/framework/src/Illuminate/View/Engines/PhpEngine.php(59): Livewire\\Mechanisms\\ExtendBlade\\ExtendedCompilerEngine->handleViewException()
#2 /home/runner/work/apmoerp/apmoerp/vendor/livewire/livewire/src/Mechanisms/ExtendBlade/ExtendedCompilerEngine.php(22): Illuminate\\View\\Engines\\PhpEngine->evaluatePath()
#3 /home/runner/work/apmoerp/apmoerp/vendor/laravel/framework/src/Illuminate/View/Engines/CompilerEngine.php(76): Livewire\\Mechanisms\\ExtendBlade\\ExtendedCompilerEngine->evaluatePath()
#4 /home/runner/work/apmoerp/apmoerp/vendor/livewire/livewire/src/Mechanisms/ExtendBlade/ExtendedCompilerEngine.php(10): Illuminate\\View\\Engines\\CompilerEngine->get()
#5 /home/runner/work/apmoerp/apmoerp/vendor/laravel/framework/src/Illuminate/View/View.php(208): Livewire\\Mechanisms\\ExtendBlade\\ExtendedCompilerEngine->get()
#6 /home/runner/work/apmoerp/apmoerp/vendor/laravel/framework/src/Illuminate/View/View.php(191): Illuminate\\View\\View->getContents()
#7 /home/runner/work/apmoerp/apmoerp/vendor/laravel/framework/src/Illuminate/View/View.php(160): Illuminate\\View\\View->renderContents()
#8 /home/runner/work/apmoerp/apmoerp/vendor/laravel/framework/src/Illuminate/View/Concerns/ManagesComponents.php(103): Illuminate\\View\\View->render()
#9 /home/runner/work/apmoerp/apmoerp/storage/framework/views/d16259f15f86b6424d0a46c1357e55c0.php(17): Illuminate\\View\\Factory->renderComponent()
#10 /home/runner/work/apmoerp/apmoerp/vendor/laravel/framework/src/Illuminate/Filesystem/Filesystem.php(123): require('...')
#11 /home/runner/work/apmoerp/apmoerp/vendor/laravel/framework/src/Illuminate/Filesystem/Filesystem.php(124): Illuminate\\Filesystem\\Filesystem::Illuminate\\Filesystem\\{closure}()
#12 /home/runner/work/apmoerp/apmoerp/vendor/laravel/framework/src/Illuminate/View/Engines/PhpEngine.php(57): Illuminate\\Filesystem\\Filesystem->getRequire()
#13 /home/runner/work/apmoerp/apmoerp/vendor/livewire/livewire/src/Mechanisms/ExtendBlade/ExtendedCompilerEngine.php(22): Illuminate\\View\\Engines\\PhpEngine->evaluatePath()
#14 /home/runner/work/apmoerp/apmoerp/vendor/laravel/framework/src/Illuminate/View/Engines/CompilerEngine.php(76): Livewire\\Mechanisms\\ExtendBlade\\ExtendedCompilerEngine->evaluatePath()
#15 /home/runner/work/apmoerp/apmoerp/vendor/livewire/livewire/src/Mechanisms/ExtendBlade/ExtendedCompilerEngine.php(10): Illuminate\\View\\Engines\\CompilerEngine->get()
#16 /home/runner/work/apmoerp/apmoerp/vendor/laravel/framework/src/Illuminate/View/View.php(208): Livewire\\Mechanisms\\ExtendBlade\\ExtendedCompilerEngine->get()
#17 /home/runner/work/apmoerp/apmoerp/vendor/laravel/framework/src/Illuminate/View/View.php(191): Illuminate\\View\\View->getContents()
#18 /home/runner/work/apmoerp/apmoerp/vendor/laravel/framework/src/Illuminate/View/View.php(160): Illuminate\\View\\View->renderContents()
#19 /home/runner/work/apmoerp/apmoerp/vendor/laravel/framework/src/Illuminate/View/Compilers/BladeCompiler.php(353): Illuminate\\View\\View->render()
#20 /home/runner/work/apmoerp/apmoerp/vendor/laravel/framework/src/Illuminate/Support/Facades/Facade.php(363): Illuminate\\View\\Compilers\\BladeCompiler::render()
#21 /home/runner/work/apmoerp/apmoerp/vendor/livewire/livewire/src/Features/SupportPageComponents/SupportPageComponents.php(154): Illuminate\\Support\\Facades\\Facade::__callStatic()
#22 /home/runner/work/apmoerp/apmoerp/vendor/livewire/livewire/src/Features/SupportPageComponents/HandlesPageComponents.php(26): Livewire\\Features\\SupportPageComponents\\SupportPageComponents::renderContentsIntoLayout()
#23 /home/runner/work/apmoerp/apmoerp/vendor/laravel/framework/src/Illuminate/Routing/ControllerDispatcher.php(46): Livewire\\Component->__invoke()
#24 /home/runner/work/apmoerp/apmoerp/vendor/laravel/framework/src/Illuminate/Routing/Route.php(265): Illuminate\\Routing\\ControllerDispatcher->dispatch()
#25 /home/runner/work/apmoerp/apmoerp/vendor/laravel/framework/src/Illuminate/Routing/Route.php(211): Illuminate\\Routing\\Route->runController()
#26 /home/runner/work/apmoerp/apmoerp/vendor/laravel/framework/src/Illuminate/Routing/Router.php(822): Illuminate\\Routing\\Route->run()
#27 /home/runner/work/apmoerp/apmoerp/vendor/laravel/framework/src/Illuminate/Pipeline/Pipeline.php(180): Illuminate\\Routing\\Router->Illuminate\\Routing\\{closure}()
#28 /home/runner/work/apmoerp/apmoerp/vendor/laravel/framework/src/Illuminate/Auth/Middleware/Authorize.php(59): Illuminate\\Pipeline\\Pipeline->Illuminate\\Pipeline\\{closure}()
#29 /home/runner/work/apmoerp/apmoerp/vendor/laravel/framework/src/Illuminate/Pipeline/Pipeline.php(219): Illuminate\\Auth\\Middleware\\Authorize->handle()
#30 /home/runner/work/apmoerp/apmoerp/app/Http/Middleware/ClearBranchContext.php(25): Illuminate\\Pipeline\\Pipeline->Illuminate\\Pipeline\\{closure}()
#31 /home/runner/work/apmoerp/apmoerp/vendor/laravel/framework/src/Illuminate/Pipeline/Pipeline.php(219): App\\Http\\Middleware\\ClearBranchContext->handle()
#32 /home/runner/work/apmoerp/apmoerp/app/Http/Middleware/SetUserBranchContext.php(56): Illuminate\\Pipeline\\Pipeline->Illuminate\\Pipeline\\{closure}()
#33 /home/runner/work/apmoerp/apmoerp/vendor/laravel/framework/src/Illuminate/Pipeline/Pipeline.php(219): App\\Http\\Middleware\\SetUserBranchContext->handle()
#34 /home/runner/work/apmoerp/apmoerp/app/Http/Middleware/ModuleContext.php(92): Illuminate\\Pipeline\\Pipeline->Illuminate\\Pipeline\\{closure}()
#35 /home/runner/work/apmoerp/apmoerp/vendor/laravel/framework/src/Illuminate/Pipeline/Pipeline.php(219): App\\Http\\Middleware\\ModuleContext->handle()
#36 /home/runner/work/apmoerp/apmoerp/app/Http/Middleware/AutoLogout.php(39): Illuminate\\Pipeline\\Pipeline->Illuminate\\Pipeline\\{closure}()
#37 /home/runner/work/apmoerp/apmoerp/vendor/laravel/framework/src/Illuminate/Pipeline/Pipeline.php(219): App\\Http\\Middleware\\AutoLogout->handle()
#38 /home/runner/work/apmoerp/apmoerp/app/Http/Middleware/SetLocale.php(23): Illuminate\\Pipeline\\Pipeline->Illuminate\\Pipeline\\{closure}()
#39 /home/runner/work/apmoerp/apmoerp/vendor/laravel/framework/src/Illuminate/Pipeline/Pipeline.php(219): App\\Http\\Middleware\\SetLocale->handle()
#40 /home/runner/work/apmoerp/apmoerp/app/Http/Middleware/SecurityHeaders.php(32): Illuminate\\Pipeline\\Pipeline->Illuminate\\Pipeline\\{closure}()
#41 /home/runner/work/apmoerp/apmoerp/vendor/laravel/framework/src/Illuminate/Pipeline/Pipeline.php(219): App\\Http\\Middleware\\SecurityHeaders->handle()
#42 /home/runner/work/apmoerp/apmoerp/vendor/laravel/framework/src/Illuminate/Routing/Middleware/SubstituteBindings.php(50): Illuminate\\Pipeline\\Pipeline->Illuminate\\Pipeline\\{closure}()
#43 /home/runner/work/apmoerp/apmoerp/vendor/laravel/framework/src/Illuminate/Pipeline/Pipeline.php(219): Illuminate\\Routing\\Middleware\\SubstituteBindings->handle()
#44 /home/runner/work/apmoerp/apmoerp/vendor/laravel/framework/src/Illuminate/Auth/Middleware/Authenticate.php(63): Illuminate\\Pipeline\\Pipeline->Illuminate\\Pipeline\\{closure}()
#45 /home/runner/work/apmoerp/apmoerp/vendor/laravel/framework/src/Illuminate/Pipeline/Pipeline.php(219): Illuminate\\Auth\\Middleware\\Authenticate->handle()
#46 /home/runner/work/apmoerp/apmoerp/vendor/laravel/framework/src/Illuminate/Foundation/Http/Middleware/VerifyCsrfToken.php(87): Illuminate\\Pipeline\\Pipeline->Illuminate\\Pipeline\\{closure}()
#47 /home/runner/work/apmoerp/apmoerp/vendor/laravel/framework/src/Illuminate/Pipeline/Pipeline.php(219): Illuminate\\Foundation\\Http\\Middleware\\VerifyCsrfToken->handle()
#48 /home/runner/work/apmoerp/apmoerp/vendor/laravel/framework/src/Illuminate/View/Middleware/ShareErrorsFromSession.php(48): Illuminate\\Pipeline\\Pipeline->Illuminate\\Pipeline\\{closure}()
#49 /home/runner/work/apmoerp/apmoerp/vendor/laravel/framework/src/Illuminate/Pipeline/Pipeline.php(219): Illuminate\\View\\Middleware\\ShareErrorsFromSession->handle()
#50 /home/runner/work/apmoerp/apmoerp/vendor/laravel/framework/src/Illuminate/Session/Middleware/StartSession.php(120): Illuminate\\Pipeline\\Pipeline->Illuminate\\Pipeline\\{closure}()
#51 /home/runner/work/apmoerp/apmoerp/vendor/laravel/framework/src/Illuminate/Session/Middleware/StartSession.php(63): Illuminate\\Session\\Middleware\\StartSession->handleStatefulRequest()
#52 /home/runner/work/apmoerp/apmoerp/vendor/laravel/framework/src/Illuminate/Pipeline/Pipeline.php(219): Illuminate\\Session\\Middleware\\StartSession->handle()
#53 /home/runner/work/apmoerp/apmoerp/vendor/laravel/framework/src/Illuminate/Cookie/Middleware/AddQueuedCookiesToResponse.php(36): Illuminate\\Pipeline\\Pipeline->Illuminate\\Pipeline\\{closure}()
#54 /home/runner/work/apmoerp/apmoerp/vendor/laravel/framework/src/Illuminate/Pipeline/Pipeline.php(219): Illuminate\\Cookie\\Middleware\\AddQueuedCookiesToResponse->handle()
#55 /home/runner/work/apmoerp/apmoerp/vendor/laravel/framework/src/Illuminate/Cookie/Middleware/EncryptCookies.php(74): Illuminate\\Pipeline\\Pipeline->Illuminate\\Pipeline\\{closure}()
#56 /home/runner/work/apmoerp/apmoerp/vendor/laravel/framework/src/Illuminate/Pipeline/Pipeline.php(219): Illuminate\\Cookie\\Middleware\\EncryptCookies->handle()
#57 /home/runner/work/apmoerp/apmoerp/vendor/laravel/framework/src/Illuminate/Pipeline/Pipeline.php(137): Illuminate\\Pipeline\\Pipeline->Illuminate\\Pipeline\\{closure}()
#58 /home/runner/work/apmoerp/apmoerp/vendor/laravel/framework/src/Illuminate/Routing/Router.php(821): Illuminate\\Pipeline\\Pipeline->then()
#59 /home/runner/work/apmoerp/apmoerp/vendor/laravel/framework/src/Illuminate/Routing/Router.php(800): Illuminate\\Routing\\Router->runRouteWithinStack()
#60 /home/runner/work/apmoerp/apmoerp/vendor/laravel/framework/src/Illuminate/Routing/Router.php(764): Illuminate\\Routing\\Router->runRoute()
#61 /home/runner/work/apmoerp/apmoerp/vendor/laravel/framework/src/Illuminate/Routing/Router.php(753): Illuminate\\Routing\\Router->dispatchToRoute()
#62 /home/runner/work/apmoerp/apmoerp/vendor/laravel/framework/src/Illuminate/Foundation/Http/Kernel.php(200): Illuminate\\Routing\\Router->dispatch()
#63 /home/runner/work/apmoerp/apmoerp/vendor/laravel/framework/src/Illuminate/Pipeline/Pipeline.php(180): Illuminate\\Foundation\\Http\\Kernel->Illuminate\\Foundation\\Http\\{closure}()
#64 /home/runner/work/apmoerp/apmoerp/vendor/livewire/livewire/src/Features/SupportDisablingBackButtonCache/DisableBackButtonCacheMiddleware.php(19): Illuminate\\Pipeline\\Pipeline->Illuminate\\Pipeline\\{closure}()
#65 /home/runner/work/apmoerp/apmoerp/vendor/laravel/framework/src/Illuminate/Pipeline/Pipeline.php(219): Livewire\\Features\\SupportDisablingBackButtonCache\\DisableBackButtonCacheMiddleware->handle()
#66 /home/runner/work/apmoerp/apmoerp/vendor/laravel/framework/src/Illuminate/Foundation/Http/Middleware/TransformsRequest.php(21): Illuminate\\Pipeline\\Pipeline->Illuminate\\Pipeline\\{closure}()
#67 /home/runner/work/apmoerp/apmoerp/vendor/laravel/framework/src/Illuminate/Foundation/Http/Middleware/ConvertEmptyStringsToNull.php(31): Illuminate\\Foundation\\Http\\Middleware\\TransformsRequest->handle()
#68 /home/runner/work/apmoerp/apmoerp/vendor/laravel/framework/src/Illuminate/Pipeline/Pipeline.php(219): Illuminate\\Foundation\\Http\\Middleware\\ConvertEmptyStringsToNull->handle()
#69 /home/runner/work/apmoerp/apmoerp/vendor/laravel/framework/src/Illuminate/Foundation/Http/Middleware/TransformsRequest.php(21): Illuminate\\Pipeline\\Pipeline->Illuminate\\Pipeline\\{closure}()
#70 /home/runner/work/apmoerp/apmoerp/vendor/laravel/framework/src/Illuminate/Foundation/Http/Middleware/TrimStrings.php(51): Illuminate\\Foundation\\Http\\Middleware\\TransformsRequest->handle()
#71 /home/runner/work/apmoerp/apmoerp/vendor/laravel/framework/src/Illuminate/Pipeline/Pipeline.php(219): Illuminate\\Foundation\\Http\\Middleware\\TrimStrings->handle()
#72 /home/runner/work/apmoerp/apmoerp/vendor/laravel/framework/src/Illuminate/Http/Middleware/ValidatePostSize.php(27): Illuminate\\Pipeline\\Pipeline->Illuminate\\Pipeline\\{closure}()
#73 /home/runner/work/apmoerp/apmoerp/vendor/laravel/framework/src/Illuminate/Pipeline/Pipeline.php(219): Illuminate\\Http\\Middleware\\ValidatePostSize->handle()
#74 /home/runner/work/apmoerp/apmoerp/vendor/laravel/framework/src/Illuminate/Foundation/Http/Middleware/PreventRequestsDuringMaintenance.php(109): Illuminate\\Pipeline\\Pipeline->Illuminate\\Pipeline\\{closure}()
#75 /home/runner/work/apmoerp/apmoerp/vendor/laravel/framework/src/Illuminate/Pipeline/Pipeline.php(219): Illuminate\\Foundation\\Http\\Middleware\\PreventRequestsDuringMaintenance->handle()
#76 /home/runner/work/apmoerp/apmoerp/vendor/laravel/framework/src/Illuminate/Http/Middleware/HandleCors.php(61): Illuminate\\Pipeline\\Pipeline->Illuminate\\Pipeline\\{closure}()
#77 /home/runner/work/apmoerp/apmoerp/vendor/laravel/framework/src/Illuminate/Pipeline/Pipeline.php(219): Illuminate\\Http\\Middleware\\HandleCors->handle()
#78 /home/runner/work/apmoerp/apmoerp/vendor/laravel/framework/src/Illuminate/Http/Middleware/TrustProxies.php(58): Illuminate\\Pipeline\\Pipeline->Illuminate\\Pipeline\\{closure}()
#79 /home/runner/work/apmoerp/apmoerp/vendor/laravel/framework/src/Illuminate/Pipeline/Pipeline.php(219): Illuminate\\Http\\Middleware\\TrustProxies->handle()
#80 /home/runner/work/apmoerp/apmoerp/vendor/laravel/framework/src/Illuminate/Foundation/Http/Middleware/InvokeDeferredCallbacks.php(22): Illuminate\\Pipeline\\Pipeline->Illuminate\\Pipeline\\{closure}()
#81 /home/runner/work/apmoerp/apmoerp/vendor/laravel/framework/src/Illuminate/Pipeline/Pipeline.php(219): Illuminate\\Foundation\\Http\\Middleware\\InvokeDeferredCallbacks->handle()
#82 /home/runner/work/apmoerp/apmoerp/vendor/laravel/framework/src/Illuminate/Http/Middleware/ValidatePathEncoding.php(26): Illuminate\\Pipeline\\Pipeline->Illuminate\\Pipeline\\{closure}()
#83 /home/runner/work/apmoerp/apmoerp/vendor/laravel/framework/src/Illuminate/Pipeline/Pipeline.php(219): Illuminate\\Http\\Middleware\\ValidatePathEncoding->handle()
#84 /home/runner/work/apmoerp/apmoerp/vendor/laravel/framework/src/Illuminate/Pipeline/Pipeline.php(137): Illuminate\\Pipeline\\Pipeline->Illuminate\\Pipeline\\{closure}()
#85 /home/runner/work/apmoerp/apmoerp/vendor/laravel/framework/src/Illuminate/Foundation/Http/Kernel.php(175): Illuminate\\Pipeline\\Pipeline->then()
#86 /home/runner/work/apmoerp/apmoerp/vendor/laravel/framework/src/Illuminate/Foundation/Http/Kernel.php(144): Illuminate\\Foundation\\Http\\Kernel->sendRequestThroughRouter()
#87 /home/runner/work/apmoerp/apmoerp/vendor/laravel/framework/src/Illuminate/Foundation/Application.php(1207): Illuminate\\Foundation\\Http\\Kernel->handle()
#88 /home/runner/work/apmoerp/apmoerp/vendor/psy/psysh/src/ExecutionClosure.php(41) : eval()'d code(7): Illuminate\\Foundation\\Application->handle()
#89 /home/runner/work/apmoerp/apmoerp/vendor/psy/psysh/src/ExecutionClosure.php(41): eval()
#90 /home/runner/work/apmoerp/apmoerp/vendor/psy/psysh/src/ExecutionClosure.php(90): Psy\\{closure}()
#91 /home/runner/work/apmoerp/apmoerp/vendor/psy/psysh/src/Shell.php(1653): Psy\\ExecutionClosure->execute()
#92 /home/runner/work/apmoerp/apmoerp/vendor/laravel/tinker/src/Console/TinkerCommand.php(77): Psy\\Shell->execute()
#93 /home/runner/work/apmoerp/apmoerp/vendor/laravel/framework/src/Illuminate/Container/BoundMethod.php(36): Laravel\\Tinker\\Console\\TinkerCommand->handle()
#94 /home/runner/work/apmoerp/apmoerp/vendor/laravel/framework/src/Illuminate/Container/Util.php(43): Illuminate\\Container\\BoundMethod::Illuminate\\Container\\{closure}()
#95 /home/runner/work/apmoerp/apmoerp/vendor/laravel/framework/src/Illuminate/Container/BoundMethod.php(96): Illuminate\\Container\\Util::unwrapIfClosure()
#96 /home/runner/work/apmoerp/apmoerp/vendor/laravel/framework/src/Illuminate/Container/BoundMethod.php(35): Illuminate\\Container\\BoundMethod::callBoundMethod()
#97 /home/runner/work/apmoerp/apmoerp/vendor/laravel/framework/src/Illuminate/Container/Container.php(799): Illuminate\\Container\\BoundMethod::call()
#98 /home/runner/work/apmoerp/apmoerp/vendor/laravel/framework/src/Illuminate/Console/Command.php(211): Illuminate\\Container\\Container->call()
#99 /home/runner/work/apmoerp/apmoerp/vendor/symfony/console/Command/Command.php(341): Illuminate\\Console\\Command->execute()
#100 /home/runner/work/apmoerp/apmoerp/vendor/laravel/framework/src/Illuminate/Console/Command.php(180): Symfony\\Component\\Console\\Command\\Command->run()
#101 /home/runner/work/apmoerp/apmoerp/vendor/symfony/console/Application.php(1102): Illuminate\\Console\\Command->run()
#102 /home/runner/work/apmoerp/apmoerp/vendor/symfony/console/Application.php(356): Symfony\\Component\\Console\\Application->doRunCommand()
#103 /home/runner/work/apmoerp/apmoerp/vendor/symfony/console/Application.php(195): Symfony\\Component\\Console\\Application->doRun()
#104 /home/runner/work/apmoerp/apmoerp/vendor/laravel/framework/src/Illuminate/Foundation/Console/Kernel.php(198): Symfony\\Component\\Console\\Application->run()
#105 /home/runner/work/apmoerp/apmoerp/vendor/laravel/framework/src/Illuminate/Foundation/Application.php(1235): Illuminate\\Foundation\\Console\\Kernel->handle()
#106 /home/runner/work/apmoerp/apmoerp/artisan(16): Illuminate\\Foundation\\Application->handleCommand()
#107 {main}

[previous exception] [object] (Illuminate\\Foundation\\ViteManifestNotFoundException(code: 0): Vite manifest not found at: /home/runner/work/apmoerp/apmoerp/public/build/manifest.json at /home/runner/work/apmoerp/apmoerp/vendor/laravel/framework/src/Illuminate/Foundation/Vite.php:946)
[stacktrace]
#0 /home/runner/work/apmoerp/apmoerp/vendor/laravel/framework/src/Illuminate/Foundation/Vite.php(384): Illuminate\\Foundation\\Vite->manifest()
#1 /home/runner/work/apmoerp/apmoerp/storage/framework/views/2b8a0dba96d5069743d0e26d0c29a49a.php(34): Illuminate\\Foundation\\Vite->__invoke()
#2 /home/runner/work/apmoerp/apmoerp/vendor/laravel/framework/src/Illuminate/Filesystem/Filesystem.php(123): require('...')
#3 /home/runner/work/apmoerp/apmoerp/vendor/laravel/framework/src/Illuminate/Filesystem/Filesystem.php(124): Illuminate\\Filesystem\\Filesystem::Illuminate\\Filesystem\\{closure}()
#4 /home/runner/work/apmoerp/apmoerp/vendor/laravel/framework/src/Illuminate/View/Engines/PhpEngine.php(57): Illuminate\\Filesystem\\Filesystem->getRequire()
#5 /home/runner/work/apmoerp/apmoerp/vendor/livewire/livewire/src/Mechanisms/ExtendBlade/ExtendedCompilerEngine.php(22): Illuminate\\View\\Engines\\PhpEngine->evaluatePath()
#6 /home/runner/work/apmoerp/apmoerp/vendor/laravel/framework/src/Illuminate/View/Engines/CompilerEngine.php(76): Livewire\\Mechanisms\\ExtendBlade\\ExtendedCompilerEngine->evaluatePath()
#7 /home/runner/work/apmoerp/apmoerp/vendor/livewire/livewire/src/Mechanisms/ExtendBlade/ExtendedCompilerEngine.php(10): Illuminate\\View\\Engines\\CompilerEngine->get()
#8 /home/runner/work/apmoerp/apmoerp/vendor/laravel/framework/src/Illuminate/View/View.php(208): Livewire\\Mechanisms\\ExtendBlade\\ExtendedCompilerEngine->get()
#9 /home/runner/work/apmoerp/apmoerp/vendor/laravel/framework/src/Illuminate/View/View.php(191): Illuminate\\View\\View->getContents()
#10 /home/runner/work/apmoerp/apmoerp/vendor/laravel/framework/src/Illuminate/View/View.php(160): Illuminate\\View\\View->renderContents()
#11 /home/runner/work/apmoerp/apmoerp/vendor/laravel/framework/src/Illuminate/View/Concerns/ManagesComponents.php(103): Illuminate\\View\\View->render()
#12 /home/runner/work/apmoerp/apmoerp/storage/framework/views/d16259f15f86b6424d0a46c1357e55c0.php(17): Illuminate\\View\\Factory->renderComponent()
#13 /home/runner/work/apmoerp/apmoerp/vendor/laravel/framework/src/Illuminate/Filesystem/Filesystem.php(123): require('...')
#14 /home/runner/work/apmoerp/apmoerp/vendor/laravel/framework/src/Illuminate/Filesystem/Filesystem.php(124): Illuminate\\Filesystem\\Filesystem::Illuminate\\Filesystem\\{closure}()
#15 /home/runner/work/apmoerp/apmoerp/vendor/laravel/framework/src/Illuminate/View/Engines/PhpEngine.php(57): Illuminate\\Filesystem\\Filesystem->getRequire()
#16 /home/runner/work/apmoerp/apmoerp/vendor/livewire/livewire/src/Mechanisms/ExtendBlade/ExtendedCompilerEngine.php(22): Illuminate\\View\\Engines\\PhpEngine->evaluatePath()
#17 /home/runner/work/apmoerp/apmoerp/vendor/laravel/framework/src/Illuminate/View/Engines/CompilerEngine.php(76): Livewire\\Mechanisms\\ExtendBlade\\ExtendedCompilerEngine->evaluatePath()
#18 /home/runner/work/apmoerp/apmoerp/vendor/livewire/livewire/src/Mechanisms/ExtendBlade/ExtendedCompilerEngine.php(10): Illuminate\\View\\Engines\\CompilerEngine->get()
#19 /home/runner/work/apmoerp/apmoerp/vendor/laravel/framework/src/Illuminate/View/View.php(208): Livewire\\Mechanisms\\ExtendBlade\\ExtendedCompilerEngine->get()
#20 /home/runner/work/apmoerp/apmoerp/vendor/laravel/framework/src/Illuminate/View/View.php(191): Illuminate\\View\\View->getContents()
#21 /home/runner/work/apmoerp/apmoerp/vendor/laravel/framework/src/Illuminate/View/View.php(160): Illuminate\\View\\View->renderContents()
#22 /home/runner/work/apmoerp/apmoerp/vendor/laravel/framework/src/Illuminate/View/Compilers/BladeCompiler.php(353): Illuminate\\View\\View->render()
#23 /home/runner/work/apmoerp/apmoerp/vendor/laravel/framework/src/Illuminate/Support/Facades/Facade.php(363): Illuminate\\View\\Compilers\\BladeCompiler::render()
#24 /home/runner/work/apmoerp/apmoerp/vendor/livewire/livewire/src/Features/SupportPageComponents/SupportPageComponents.php(154): Illuminate\\Support\\Facades\\Facade::__callStatic()
#25 /home/runner/work/apmoerp/apmoerp/vendor/livewire/livewire/src/Features/SupportPageComponents/HandlesPageComponents.php(26): Livewire\\Features\\SupportPageComponents\\SupportPageComponents::renderContentsIntoLayout()
#26 /home/runner/work/apmoerp/apmoerp/vendor/laravel/framework/src/Illuminate/Routing/ControllerDispatcher.php(46): Livewire\\Component->__invoke()
#27 /home/runner/work/apmoerp/apmoerp/vendor/laravel/framework/src/Illuminate/Routing/Route.php(265): Illuminate\\Routing\\ControllerDispatcher->dispatch()
#28 /home/runner/work/apmoerp/apmoerp/vendor/laravel/framework/src/Illuminate/Routing/Route.php(211): Illuminate\\Routing\\Route->runController()
#29 /home/runner/work/apmoerp/apmoerp/vendor/laravel/framework/src/Illuminate/Routing/Router.php(822): Illuminate\\Routing\\Route->run()
#30 /home/runner/work/apmoerp/apmoerp/vendor/laravel/framework/src/Illuminate/Pipeline/Pipeline.php(180): Illuminate\\Routing\\Router->Illuminate\\Routing\\{closure}()
#31 /home/runner/work/apmoerp/apmoerp/vendor/laravel/framework/src/Illuminate/Auth/Middleware/Authorize.php(59): Illuminate\\Pipeline\\Pipeline->Illuminate\\Pipeline\\{closure}()
#32 /home/runner/work/apmoerp/apmoerp/vendor/laravel/framework/src/Illuminate/Pipeline/Pipeline.php(219): Illuminate\\Auth\\Middleware\\Authorize->handle()
#33 /home/runner/work/apmoerp/apmoerp/app/Http/Middleware/ClearBranchContext.php(25): Illuminate\\Pipeline\\Pipeline->Illuminate\\Pipeline\\{closure}()
#34 /home/runner/work/apmoerp/apmoerp/vendor/laravel/framework/src/Illuminate/Pipeline/Pipeline.php(219): App\\Http\\Middleware\\ClearBranchContext->handle()
#35 /home/runner/work/apmoerp/apmoerp/app/Http/Middleware/SetUserBranchContext.php(56): Illuminate\\Pipeline\\Pipeline->Illuminate\\Pipeline\\{closure}()
#36 /home/runner/work/apmoerp/apmoerp/vendor/laravel/framework/src/Illuminate/Pipeline/Pipeline.php(219): App\\Http\\Middleware\\SetUserBranchContext->handle()
#37 /home/runner/work/apmoerp/apmoerp/app/Http/Middleware/ModuleContext.php(92): Illuminate\\Pipeline\\Pipeline->Illuminate\\Pipeline\\{closure}()
#38 /home/runner/work/apmoerp/apmoerp/vendor/laravel/framework/src/Illuminate/Pipeline/Pipeline.php(219): App\\Http\\Middleware\\ModuleContext->handle()
#39 /home/runner/work/apmoerp/apmoerp/app/Http/Middleware/AutoLogout.php(39): Illuminate\\Pipeline\\Pipeline->Illuminate\\Pipeline\\{closure}()
#40 /home/runner/work/apmoerp/apmoerp/vendor/laravel/framework/src/Illuminate/Pipeline/Pipeline.php(219): App\\Http\\Middleware\\AutoLogout->handle()
#41 /home/runner/work/apmoerp/apmoerp/app/Http/Middleware/SetLocale.php(23): Illuminate\\Pipeline\\Pipeline->Illuminate\\Pipeline\\{closure}()
#42 /home/runner/work/apmoerp/apmoerp/vendor/laravel/framework/src/Illuminate/Pipeline/Pipeline.php(219): App\\Http\\Middleware\\SetLocale->handle()
#43 /home/runner/work/apmoerp/apmoerp/app/Http/Middleware/SecurityHeaders.php(32): Illuminate\\Pipeline\\Pipeline->Illuminate\\Pipeline\\{closure}()
#44 /home/runner/work/apmoerp/apmoerp/vendor/laravel/framework/src/Illuminate/Pipeline/Pipeline.php(219): App\\Http\\Middleware\\SecurityHeaders->handle()
#45 /home/runner/work/apmoerp/apmoerp/vendor/laravel/framework/src/Illuminate/Routing/Middleware/SubstituteBindings.php(50): Illuminate\\Pipeline\\Pipeline->Illuminate\\Pipeline\\{closure}()
#46 /home/runner/work/apmoerp/apmoerp/vendor/laravel/framework/src/Illuminate/Pipeline/Pipeline.php(219): Illuminate\\Routing\\Middleware\\SubstituteBindings->handle()
#47 /home/runner/work/apmoerp/apmoerp/vendor/laravel/framework/src/Illuminate/Auth/Middleware/Authenticate.php(63): Illuminate\\Pipeline\\Pipeline->Illuminate\\Pipeline\\{closure}()
#48 /home/runner/work/apmoerp/apmoerp/vendor/laravel/framework/src/Illuminate/Pipeline/Pipeline.php(219): Illuminate\\Auth\\Middleware\\Authenticate->handle()
#49 /home/runner/work/apmoerp/apmoerp/vendor/laravel/framework/src/Illuminate/Foundation/Http/Middleware/VerifyCsrfToken.php(87): Illuminate\\Pipeline\\Pipeline->Illuminate\\Pipeline\\{closure}()
#50 /home/runner/work/apmoerp/apmoerp/vendor/laravel/framework/src/Illuminate/Pipeline/Pipeline.php(219): Illuminate\\Foundation\\Http\\Middleware\\VerifyCsrfToken->handle()
#51 /home/runner/work/apmoerp/apmoerp/vendor/laravel/framework/src/Illuminate/View/Middleware/ShareErrorsFromSession.php(48): Illuminate\\Pipeline\\Pipeline->Illuminate\\Pipeline\\{closure}()
#52 /home/runner/work/apmoerp/apmoerp/vendor/laravel/framework/src/Illuminate/Pipeline/Pipeline.php(219): Illuminate\\View\\Middleware\\ShareErrorsFromSession->handle()
#53 /home/runner/work/apmoerp/apmoerp/vendor/laravel/framework/src/Illuminate/Session/Middleware/StartSession.php(120): Illuminate\\Pipeline\\Pipeline->Illuminate\\Pipeline\\{closure}()
#54 /home/runner/work/apmoerp/apmoerp/vendor/laravel/framework/src/Illuminate/Session/Middleware/StartSession.php(63): Illuminate\\Session\\Middleware\\StartSession->handleStatefulRequest()
#55 /home/runner/work/apmoerp/apmoerp/vendor/laravel/framework/src/Illuminate/Pipeline/Pipeline.php(219): Illuminate\\Session\\Middleware\\StartSession->handle()
#56 /home/runner/work/apmoerp/apmoerp/vendor/laravel/framework/src/Illuminate/Cookie/Middleware/AddQueuedCookiesToResponse.php(36): Illuminate\\Pipeline\\Pipeline->Illuminate\\Pipeline\\{closure}()
#57 /home/runner/work/apmoerp/apmoerp/vendor/laravel/framework/src/Illuminate/Pipeline/Pipeline.php(219): Illuminate\\Cookie\\Middleware\\AddQueuedCookiesToResponse->handle()
#58 /home/runner/work/apmoerp/apmoerp/vendor/laravel/framework/src/Illuminate/Cookie/Middleware/EncryptCookies.php(74): Illuminate\\Pipeline\\Pipeline->Illuminate\\Pipeline\\{closure}()
#59 /home/runner/work/apmoerp/apmoerp/vendor/laravel/framework/src/Illuminate/Pipeline/Pipeline.php(219): Illuminate\\Cookie\\Middleware\\EncryptCookies->handle()
#60 /home/runner/work/apmoerp/apmoerp/vendor/laravel/framework/src/Illuminate/Pipeline/Pipeline.php(137): Illuminate\\Pipeline\\Pipeline->Illuminate\\Pipeline\\{closure}()
#61 /home/runner/work/apmoerp/apmoerp/vendor/laravel/framework/src/Illuminate/Routing/Router.php(821): Illuminate\\Pipeline\\Pipeline->then()
#62 /home/runner/work/apmoerp/apmoerp/vendor/laravel/framework/src/Illuminate/Routing/Router.php(800): Illuminate\\Routing\\Router->runRouteWithinStack()
#63 /home/runner/work/apmoerp/apmoerp/vendor/laravel/framework/src/Illuminate/Routing/Router.php(764): Illuminate\\Routing\\Router->runRoute()
#64 /home/runner/work/apmoerp/apmoerp/vendor/laravel/framework/src/Illuminate/Routing/Router.php(753): Illuminate\\Routing\\Router->dispatchToRoute()
#65 /home/runner/work/apmoerp/apmoerp/vendor/laravel/framework/src/Illuminate/Foundation/Http/Kernel.php(200): Illuminate\\Routing\\Router->dispatch()
#66 /home/runner/work/apmoerp/apmoerp/vendor/laravel/framework/src/Illuminate/Pipeline/Pipeline.php(180): Illuminate\\Foundation\\Http\\Kernel->Illuminate\\Foundation\\Http\\{closure}()
#67 /home/runner/work/apmoerp/apmoerp/vendor/livewire/livewire/src/Features/SupportDisablingBackButtonCache/DisableBackButtonCacheMiddleware.php(19): Illuminate\\Pipeline\\Pipeline->Illuminate\\Pipeline\\{closure}()
#68 /home/runner/work/apmoerp/apmoerp/vendor/laravel/framework/src/Illuminate/Pipeline/Pipeline.php(219): Livewire\\Features\\SupportDisablingBackButtonCache\\DisableBackButtonCacheMiddleware->handle()
#69 /home/runner/work/apmoerp/apmoerp/vendor/laravel/framework/src/Illuminate/Foundation/Http/Middleware/TransformsRequest.php(21): Illuminate\\Pipeline\\Pipeline->Illuminate\\Pipeline\\{closure}()
#70 /home/runner/work/apmoerp/apmoerp/vendor/laravel/framework/src/Illuminate/Foundation/Http/Middleware/ConvertEmptyStringsToNull.php(31): Illuminate\\Foundation\\Http\\Middleware\\TransformsRequest->handle()
#71 /home/runner/work/apmoerp/apmoerp/vendor/laravel/framework/src/Illuminate/Pipeline/Pipeline.php(219): Illuminate\\Foundation\\Http\\Middleware\\ConvertEmptyStringsToNull->handle()
#72 /home/runner/work/apmoerp/apmoerp/vendor/laravel/framework/src/Illuminate/Foundation/Http/Middleware/TransformsRequest.php(21): Illuminate\\Pipeline\\Pipeline->Illuminate\\Pipeline\\{closure}()
#73 /home/runner/work/apmoerp/apmoerp/vendor/laravel/framework/src/Illuminate/Foundation/Http/Middleware/TrimStrings.php(51): Illuminate\\Foundation\\Http\\Middleware\\TransformsRequest->handle()
#74 /home/runner/work/apmoerp/apmoerp/vendor/laravel/framework/src/Illuminate/Pipeline/Pipeline.php(219): Illuminate\\Foundation\\Http\\Middleware\\TrimStrings->handle()
#75 /home/runner/work/apmoerp/apmoerp/vendor/laravel/framework/src/Illuminate/Http/Middleware/ValidatePostSize.php(27): Illuminate\\Pipeline\\Pipeline->Illuminate\\Pipeline\\{closure}()
#76 /home/runner/work/apmoerp/apmoerp/vendor/laravel/framework/src/Illuminate/Pipeline/Pipeline.php(219): Illuminate\\Http\\Middleware\\ValidatePostSize->handle()
#77 /home/runner/work/apmoerp/apmoerp/vendor/laravel/framework/src/Illuminate/Foundation/Http/Middleware/PreventRequestsDuringMaintenance.php(109): Illuminate\\Pipeline\\Pipeline->Illuminate\\Pipeline\\{closure}()
#78 /home/runner/work/apmoerp/apmoerp/vendor/laravel/framework/src/Illuminate/Pipeline/Pipeline.php(219): Illuminate\\Foundation\\Http\\Middleware\\PreventRequestsDuringMaintenance->handle()
#79 /home/runner/work/apmoerp/apmoerp/vendor/laravel/framework/src/Illuminate/Http/Middleware/HandleCors.php(61): Illuminate\\Pipeline\\Pipeline->Illuminate\\Pipeline\\{closure}()
#80 /home/runner/work/apmoerp/apmoerp/vendor/laravel/framework/src/Illuminate/Pipeline/Pipeline.php(219): Illuminate\\Http\\Middleware\\HandleCors->handle()
#81 /home/runner/work/apmoerp/apmoerp/vendor/laravel/framework/src/Illuminate/Http/Middleware/TrustProxies.php(58): Illuminate\\Pipeline\\Pipeline->Illuminate\\Pipeline\\{closure}()
#82 /home/runner/work/apmoerp/apmoerp/vendor/laravel/framework/src/Illuminate/Pipeline/Pipeline.php(219): Illuminate\\Http\\Middleware\\TrustProxies->handle()
#83 /home/runner/work/apmoerp/apmoerp/vendor/laravel/framework/src/Illuminate/Foundation/Http/Middleware/InvokeDeferredCallbacks.php(22): Illuminate\\Pipeline\\Pipeline->Illuminate\\Pipeline\\{closure}()
#84 /home/runner/work/apmoerp/apmoerp/vendor/laravel/framework/src/Illuminate/Pipeline/Pipeline.php(219): Illuminate\\Foundation\\Http\\Middleware\\InvokeDeferredCallbacks->handle()
#85 /home/runner/work/apmoerp/apmoerp/vendor/laravel/framework/src/Illuminate/Http/Middleware/ValidatePathEncoding.php(26): Illuminate\\Pipeline\\Pipeline->Illuminate\\Pipeline\\{closure}()
#86 /home/runner/work/apmoerp/apmoerp/vendor/laravel/framework/src/Illuminate/Pipeline/Pipeline.php(219): Illuminate\\Http\\Middleware\\ValidatePathEncoding->handle()
#87 /home/runner/work/apmoerp/apmoerp/vendor/laravel/framework/src/Illuminate/Pipeline/Pipeline.php(137): Illuminate\\Pipeline\\Pipeline->Illuminate\\Pipeline\\{closure}()
#88 /home/runner/work/apmoerp/apmoerp/vendor/laravel/framework/src/Illuminate/Foundation/Http/Kernel.php(175): Illuminate\\Pipeline\\Pipeline->then()
#89 /home/runner/work/apmoerp/apmoerp/vendor/laravel/framework/src/Illuminate/Foundation/Http/Kernel.php(144): Illuminate\\Foundation\\Http\\Kernel->sendRequestThroughRouter()
#90 /home/runner/work/apmoerp/apmoerp/vendor/laravel/framework/src/Illuminate/Foundation/Application.php(1207): Illuminate\\Foundation\\Http\\Kernel->handle()
#91 /home/runner/work/apmoerp/apmoerp/vendor/psy/psysh/src/ExecutionClosure.php(41) : eval()'d code(7): Illuminate\\Foundation\\Application->handle()
#92 /home/runner/work/apmoerp/apmoerp/vendor/psy/psysh/src/ExecutionClosure.php(41): eval()
#93 /home/runner/work/apmoerp/apmoerp/vendor/psy/psysh/src/ExecutionClosure.php(90): Psy\\{closure}()
#94 /home/runner/work/apmoerp/apmoerp/vendor/psy/psysh/src/Shell.php(1653): Psy\\ExecutionClosure->execute()
#95 /home/runner/work/apmoerp/apmoerp/vendor/laravel/tinker/src/Console/TinkerCommand.php(77): Psy\\Shell->execute()
#96 /home/runner/work/apmoerp/apmoerp/vendor/laravel/framework/src/Illuminate/Container/BoundMethod.php(36): Laravel\\Tinker\\Console\\TinkerCommand->handle()
#97 /home/runner/work/apmoerp/apmoerp/vendor/laravel/framework/src/Illuminate/Container/Util.php(43): Illuminate\\Container\\BoundMethod::Illuminate\\Container\\{closure}()
#98 /home/runner/work/apmoerp/apmoerp/vendor/laravel/framework/src/Illuminate/Container/BoundMethod.php(96): Illuminate\\Container\\Util::unwrapIfClosure()
#99 /home/runner/work/apmoerp/apmoerp/vendor/laravel/framework/src/Illuminate/Container/BoundMethod.php(35): Illuminate\\Container\\BoundMethod::callBoundMethod()
#100 /home/runner/work/apmoerp/apmoerp/vendor/laravel/framework/src/Illuminate/Container/Container.php(799): Illuminate\\Container\\BoundMethod::call()
#101 /home/runner/work/apmoerp/apmoerp/vendor/laravel/framework/src/Illuminate/Console/Command.php(211): Illuminate\\Container\\Container->call()
#102 /home/runner/work/apmoerp/apmoerp/vendor/symfony/console/Command/Command.php(341): Illuminate\\Console\\Command->execute()
#103 /home/runner/work/apmoerp/apmoerp/vendor/laravel/framework/src/Illuminate/Console/Command.php(180): Symfony\\Component\\Console\\Command\\Command->run()
#104 /home/runner/work/apmoerp/apmoerp/vendor/symfony/console/Application.php(1102): Illuminate\\Console\\Command->run()
#105 /home/runner/work/apmoerp/apmoerp/vendor/symfony/console/Application.php(356): Symfony\\Component\\Console\\Application->doRunCommand()
#106 /home/runner/work/apmoerp/apmoerp/vendor/symfony/console/Application.php(195): Symfony\\Component\\Console\\Application->doRun()
#107 /home/runner/work/apmoerp/apmoerp/vendor/laravel/framework/src/Illuminate/Foundation/Console/Kernel.php(198): Symfony\\Component\\Console\\Application->run()
#108 /home/runner/work/apmoerp/apmoerp/vendor/laravel/framework/src/Illuminate/Foundation/Application.php(1235): Illuminate\\Foundation\\Console\\Kernel->handle()
#109 /home/runner/work/apmoerp/apmoerp/artisan(16): Illuminate\\Foundation\\Application->handleCommand()
#110 {main}
"} 
